[2021-10-29 23:33:40,728] INFO Terminating process due to signal SIGINT (org.apache.kafka.common.utils.LoggingSignalHandler)
[2021-10-29 23:33:40,737] INFO [KafkaServer id=0] shutting down (kafka.server.KafkaServer)
[2021-10-29 23:33:40,738] INFO [KafkaServer id=0] Starting controlled shutdown (kafka.server.KafkaServer)
[2021-10-29 23:33:40,789] INFO [KafkaServer id=0] Controlled shutdown succeeded (kafka.server.KafkaServer)
[2021-10-29 23:33:40,797] INFO [/config/changes-event-process-thread]: Shutting down (kafka.common.ZkNodeChangeNotificationListener$ChangeEventProcessThread)
[2021-10-29 23:33:40,797] INFO [/config/changes-event-process-thread]: Stopped (kafka.common.ZkNodeChangeNotificationListener$ChangeEventProcessThread)
[2021-10-29 23:33:40,797] INFO [/config/changes-event-process-thread]: Shutdown completed (kafka.common.ZkNodeChangeNotificationListener$ChangeEventProcessThread)
[2021-10-29 23:33:40,798] INFO [SocketServer listenerType=ZK_BROKER, nodeId=0] Stopping socket server request processors (kafka.network.SocketServer)
[2021-10-29 23:33:40,803] INFO [SocketServer listenerType=ZK_BROKER, nodeId=0] Stopped socket server request processors (kafka.network.SocketServer)
[2021-10-29 23:33:40,804] INFO [data-plane Kafka Request Handler on Broker 0], shutting down (kafka.server.KafkaRequestHandlerPool)
[2021-10-29 23:33:40,805] INFO [data-plane Kafka Request Handler on Broker 0], shut down completely (kafka.server.KafkaRequestHandlerPool)
[2021-10-29 23:33:40,806] INFO [ExpirationReaper-0-AlterAcls]: Shutting down (kafka.server.DelayedOperationPurgatory$ExpiredOperationReaper)
[2021-10-29 23:33:40,859] INFO [ExpirationReaper-0-AlterAcls]: Stopped (kafka.server.DelayedOperationPurgatory$ExpiredOperationReaper)
[2021-10-29 23:33:40,859] INFO [ExpirationReaper-0-AlterAcls]: Shutdown completed (kafka.server.DelayedOperationPurgatory$ExpiredOperationReaper)
[2021-10-29 23:33:40,859] INFO [KafkaApi-0] Shutdown complete. (kafka.server.KafkaApis)
[2021-10-29 23:33:40,860] INFO [ExpirationReaper-0-topic]: Shutting down (kafka.server.DelayedOperationPurgatory$ExpiredOperationReaper)
[2021-10-29 23:33:41,001] INFO [ExpirationReaper-0-topic]: Stopped (kafka.server.DelayedOperationPurgatory$ExpiredOperationReaper)
[2021-10-29 23:33:41,001] INFO [ExpirationReaper-0-topic]: Shutdown completed (kafka.server.DelayedOperationPurgatory$ExpiredOperationReaper)
[2021-10-29 23:33:41,004] INFO [TransactionCoordinator id=0] Shutting down. (kafka.coordinator.transaction.TransactionCoordinator)
[2021-10-29 23:33:41,005] INFO [Transaction State Manager 0]: Shutdown complete (kafka.coordinator.transaction.TransactionStateManager)
[2021-10-29 23:33:41,006] INFO [Transaction Marker Channel Manager 0]: Shutting down (kafka.coordinator.transaction.TransactionMarkerChannelManager)
[2021-10-29 23:33:41,006] INFO [Transaction Marker Channel Manager 0]: Stopped (kafka.coordinator.transaction.TransactionMarkerChannelManager)
[2021-10-29 23:33:41,006] INFO [Transaction Marker Channel Manager 0]: Shutdown completed (kafka.coordinator.transaction.TransactionMarkerChannelManager)
[2021-10-29 23:33:41,006] INFO [TransactionCoordinator id=0] Shutdown complete. (kafka.coordinator.transaction.TransactionCoordinator)
[2021-10-29 23:33:41,007] INFO [GroupCoordinator 0]: Shutting down. (kafka.coordinator.group.GroupCoordinator)
[2021-10-29 23:33:41,007] INFO [ExpirationReaper-0-Heartbeat]: Shutting down (kafka.server.DelayedOperationPurgatory$ExpiredOperationReaper)
[2021-10-29 23:33:41,201] INFO [ExpirationReaper-0-Heartbeat]: Stopped (kafka.server.DelayedOperationPurgatory$ExpiredOperationReaper)
[2021-10-29 23:33:41,201] INFO [ExpirationReaper-0-Heartbeat]: Shutdown completed (kafka.server.DelayedOperationPurgatory$ExpiredOperationReaper)
[2021-10-29 23:33:41,202] INFO [ExpirationReaper-0-Rebalance]: Shutting down (kafka.server.DelayedOperationPurgatory$ExpiredOperationReaper)
[2021-10-29 23:33:41,260] INFO [ExpirationReaper-0-Rebalance]: Stopped (kafka.server.DelayedOperationPurgatory$ExpiredOperationReaper)
[2021-10-29 23:33:41,260] INFO [ExpirationReaper-0-Rebalance]: Shutdown completed (kafka.server.DelayedOperationPurgatory$ExpiredOperationReaper)
[2021-10-29 23:33:41,260] INFO [GroupCoordinator 0]: Shutdown complete. (kafka.coordinator.group.GroupCoordinator)
[2021-10-29 23:33:41,261] INFO [ReplicaManager broker=0] Shutting down (kafka.server.ReplicaManager)
[2021-10-29 23:33:41,263] INFO [LogDirFailureHandler]: Shutting down (kafka.server.ReplicaManager$LogDirFailureHandler)
[2021-10-29 23:33:41,263] INFO [LogDirFailureHandler]: Stopped (kafka.server.ReplicaManager$LogDirFailureHandler)
[2021-10-29 23:33:41,263] INFO [LogDirFailureHandler]: Shutdown completed (kafka.server.ReplicaManager$LogDirFailureHandler)
[2021-10-29 23:33:41,263] INFO [ReplicaFetcherManager on broker 0] shutting down (kafka.server.ReplicaFetcherManager)
[2021-10-29 23:33:41,265] INFO [ReplicaFetcherManager on broker 0] shutdown completed (kafka.server.ReplicaFetcherManager)
[2021-10-29 23:33:41,265] INFO [ReplicaAlterLogDirsManager on broker 0] shutting down (kafka.server.ReplicaAlterLogDirsManager)
[2021-10-29 23:33:41,265] INFO [ReplicaAlterLogDirsManager on broker 0] shutdown completed (kafka.server.ReplicaAlterLogDirsManager)
[2021-10-29 23:33:41,265] INFO [ExpirationReaper-0-Fetch]: Shutting down (kafka.server.DelayedOperationPurgatory$ExpiredOperationReaper)
[2021-10-29 23:33:41,461] INFO [ExpirationReaper-0-Fetch]: Stopped (kafka.server.DelayedOperationPurgatory$ExpiredOperationReaper)
[2021-10-29 23:33:41,461] INFO [ExpirationReaper-0-Fetch]: Shutdown completed (kafka.server.DelayedOperationPurgatory$ExpiredOperationReaper)
[2021-10-29 23:33:41,462] INFO [ExpirationReaper-0-Produce]: Shutting down (kafka.server.DelayedOperationPurgatory$ExpiredOperationReaper)
[2021-10-29 23:33:41,605] INFO [ExpirationReaper-0-Produce]: Stopped (kafka.server.DelayedOperationPurgatory$ExpiredOperationReaper)
[2021-10-29 23:33:41,605] INFO [ExpirationReaper-0-Produce]: Shutdown completed (kafka.server.DelayedOperationPurgatory$ExpiredOperationReaper)
[2021-10-29 23:33:41,606] INFO [ExpirationReaper-0-DeleteRecords]: Shutting down (kafka.server.DelayedOperationPurgatory$ExpiredOperationReaper)
[2021-10-29 23:33:41,666] INFO [ExpirationReaper-0-DeleteRecords]: Stopped (kafka.server.DelayedOperationPurgatory$ExpiredOperationReaper)
[2021-10-29 23:33:41,666] INFO [ExpirationReaper-0-DeleteRecords]: Shutdown completed (kafka.server.DelayedOperationPurgatory$ExpiredOperationReaper)
[2021-10-29 23:33:41,666] INFO [ExpirationReaper-0-ElectLeader]: Shutting down (kafka.server.DelayedOperationPurgatory$ExpiredOperationReaper)
[2021-10-29 23:33:41,806] INFO [ExpirationReaper-0-ElectLeader]: Stopped (kafka.server.DelayedOperationPurgatory$ExpiredOperationReaper)
[2021-10-29 23:33:41,806] INFO [ExpirationReaper-0-ElectLeader]: Shutdown completed (kafka.server.DelayedOperationPurgatory$ExpiredOperationReaper)
[2021-10-29 23:33:41,808] INFO [ReplicaManager broker=0] Shut down completely (kafka.server.ReplicaManager)
[2021-10-29 23:33:41,809] INFO [BrokerToControllerChannelManager broker=0 name=alterIsr]: Shutting down (kafka.server.BrokerToControllerRequestThread)
[2021-10-29 23:33:41,809] INFO [BrokerToControllerChannelManager broker=0 name=alterIsr]: Stopped (kafka.server.BrokerToControllerRequestThread)
[2021-10-29 23:33:41,809] INFO [BrokerToControllerChannelManager broker=0 name=alterIsr]: Shutdown completed (kafka.server.BrokerToControllerRequestThread)
[2021-10-29 23:33:41,811] INFO Broker to controller channel manager for alterIsr shutdown (kafka.server.BrokerToControllerChannelManagerImpl)
[2021-10-29 23:33:41,812] INFO [BrokerToControllerChannelManager broker=0 name=forwarding]: Shutting down (kafka.server.BrokerToControllerRequestThread)
[2021-10-29 23:33:41,812] INFO [BrokerToControllerChannelManager broker=0 name=forwarding]: Stopped (kafka.server.BrokerToControllerRequestThread)
[2021-10-29 23:33:41,812] INFO [BrokerToControllerChannelManager broker=0 name=forwarding]: Shutdown completed (kafka.server.BrokerToControllerRequestThread)
[2021-10-29 23:33:41,812] INFO Broker to controller channel manager for forwarding shutdown (kafka.server.BrokerToControllerChannelManagerImpl)
[2021-10-29 23:33:41,813] INFO Shutting down. (kafka.log.LogManager)
[2021-10-29 23:33:41,850] INFO [ProducerStateManager partition=__consumer_offsets-8] Wrote producer snapshot at offset 3 with 0 producer ids in 3 ms. (kafka.log.ProducerStateManager)
[2021-10-29 23:33:41,857] INFO [ProducerStateManager partition=__consumer_offsets-44] Wrote producer snapshot at offset 3 with 0 producer ids in 0 ms. (kafka.log.ProducerStateManager)
[2021-10-29 23:33:41,862] INFO [ProducerStateManager partition=quickstart-events-0] Wrote producer snapshot at offset 10 with 0 producer ids in 1 ms. (kafka.log.ProducerStateManager)
[2021-10-29 23:33:41,865] INFO [ProducerStateManager partition=orderss-0] Wrote producer snapshot at offset 10 with 0 producer ids in 1 ms. (kafka.log.ProducerStateManager)
[2021-10-29 23:33:41,867] INFO [ProducerStateManager partition=orders-0] Wrote producer snapshot at offset 4 with 0 producer ids in 1 ms. (kafka.log.ProducerStateManager)
[2021-10-29 23:33:41,870] INFO [ProducerStateManager partition=items-0] Wrote producer snapshot at offset 2 with 0 producer ids in 1 ms. (kafka.log.ProducerStateManager)
[2021-10-29 23:33:41,876] INFO Shutdown complete. (kafka.log.LogManager)
[2021-10-29 23:33:41,883] INFO [feature-zk-node-event-process-thread]: Shutting down (kafka.server.FinalizedFeatureChangeListener$ChangeNotificationProcessorThread)
[2021-10-29 23:33:41,883] INFO [feature-zk-node-event-process-thread]: Stopped (kafka.server.FinalizedFeatureChangeListener$ChangeNotificationProcessorThread)
[2021-10-29 23:33:41,883] INFO [feature-zk-node-event-process-thread]: Shutdown completed (kafka.server.FinalizedFeatureChangeListener$ChangeNotificationProcessorThread)
[2021-10-29 23:33:41,884] INFO [ZooKeeperClient Kafka server] Closing. (kafka.zookeeper.ZooKeeperClient)
[2021-10-29 23:33:42,040] INFO Session: 0x10047cd8fc50000 closed (org.apache.zookeeper.ZooKeeper)
[2021-10-29 23:33:42,040] INFO EventThread shut down for session: 0x10047cd8fc50000 (org.apache.zookeeper.ClientCnxn)
[2021-10-29 23:33:42,041] INFO [ZooKeeperClient Kafka server] Closed. (kafka.zookeeper.ZooKeeperClient)
[2021-10-29 23:33:42,042] INFO [ThrottledChannelReaper-Fetch]: Shutting down (kafka.server.ClientQuotaManager$ThrottledChannelReaper)
[2021-10-29 23:33:42,874] INFO [ThrottledChannelReaper-Fetch]: Stopped (kafka.server.ClientQuotaManager$ThrottledChannelReaper)
[2021-10-29 23:33:42,874] INFO [ThrottledChannelReaper-Fetch]: Shutdown completed (kafka.server.ClientQuotaManager$ThrottledChannelReaper)
[2021-10-29 23:33:42,874] INFO [ThrottledChannelReaper-Produce]: Shutting down (kafka.server.ClientQuotaManager$ThrottledChannelReaper)
[2021-10-29 23:33:43,875] INFO [ThrottledChannelReaper-Produce]: Stopped (kafka.server.ClientQuotaManager$ThrottledChannelReaper)
[2021-10-29 23:33:43,875] INFO [ThrottledChannelReaper-Produce]: Shutdown completed (kafka.server.ClientQuotaManager$ThrottledChannelReaper)
[2021-10-29 23:33:43,875] INFO [ThrottledChannelReaper-Request]: Shutting down (kafka.server.ClientQuotaManager$ThrottledChannelReaper)
[2021-10-29 23:33:44,880] INFO [ThrottledChannelReaper-Request]: Stopped (kafka.server.ClientQuotaManager$ThrottledChannelReaper)
[2021-10-29 23:33:44,880] INFO [ThrottledChannelReaper-Request]: Shutdown completed (kafka.server.ClientQuotaManager$ThrottledChannelReaper)
[2021-10-29 23:33:44,880] INFO [ThrottledChannelReaper-ControllerMutation]: Shutting down (kafka.server.ClientQuotaManager$ThrottledChannelReaper)
[2021-10-29 23:33:45,883] INFO [ThrottledChannelReaper-ControllerMutation]: Stopped (kafka.server.ClientQuotaManager$ThrottledChannelReaper)
[2021-10-29 23:33:45,883] INFO [ThrottledChannelReaper-ControllerMutation]: Shutdown completed (kafka.server.ClientQuotaManager$ThrottledChannelReaper)
[2021-10-29 23:33:45,885] INFO [SocketServer listenerType=ZK_BROKER, nodeId=0] Shutting down socket server (kafka.network.SocketServer)
[2021-10-29 23:33:45,907] INFO [SocketServer listenerType=ZK_BROKER, nodeId=0] Shutdown completed (kafka.network.SocketServer)
[2021-10-29 23:33:45,907] INFO Metrics scheduler closed (org.apache.kafka.common.metrics.Metrics)
[2021-10-29 23:33:45,907] INFO Closing reporter org.apache.kafka.common.metrics.JmxReporter (org.apache.kafka.common.metrics.Metrics)
[2021-10-29 23:33:45,908] INFO Metrics reporters closed (org.apache.kafka.common.metrics.Metrics)
[2021-10-29 23:33:45,911] INFO Broker and topic stats closed (kafka.server.BrokerTopicStats)
[2021-10-29 23:33:45,911] INFO App info kafka.server for 0 unregistered (org.apache.kafka.common.utils.AppInfoParser)
[2021-10-29 23:33:45,912] INFO [KafkaServer id=0] shut down completed (kafka.server.KafkaServer)
